<?xml version="1.0" encoding="UTF-8"?>
<testsuite name="com.yjchoi.springboot.main.web.IndexControllerTest" tests="1" skipped="0" failures="0" errors="0" timestamp="2021-06-29T13:22:21" hostname="YJ-CHOI-HOME" time="0.041">
  <properties/>
  <testcase name="MainPage_Loading" classname="com.yjchoi.springboot.main.web.IndexControllerTest" time="0.041"/>
  <system-out><![CDATA[2021-06-29 22:22:21.282  INFO 4388 --- [    Test worker] .b.t.c.SpringBootTestContextBootstrapper : Neither @ContextConfiguration nor @ContextHierarchy found for test class [com.yjchoi.springboot.main.web.IndexControllerTest], using SpringBootContextLoader
2021-06-29 22:22:21.283  INFO 4388 --- [    Test worker] o.s.t.c.support.AbstractContextLoader    : Could not detect default resource locations for test class [com.yjchoi.springboot.main.web.IndexControllerTest]: no resource found for suffixes {-context.xml, Context.groovy}.
2021-06-29 22:22:21.283  INFO 4388 --- [    Test worker] t.c.s.AnnotationConfigContextLoaderUtils : Could not detect default configuration classes for test class [com.yjchoi.springboot.main.web.IndexControllerTest]: IndexControllerTest does not declare any static, non-private, non-final, nested classes annotated with @Configuration.
2021-06-29 22:22:21.284  INFO 4388 --- [    Test worker] .b.t.c.SpringBootTestContextBootstrapper : Found @SpringBootConfiguration com.yjchoi.springboot.main.Application for test class com.yjchoi.springboot.main.web.IndexControllerTest
2021-06-29 22:22:21.285  INFO 4388 --- [    Test worker] .b.t.c.SpringBootTestContextBootstrapper : Loaded default TestExecutionListener class names from location [META-INF/spring.factories]: [org.springframework.security.test.context.support.WithSecurityContextTestExecutionListener, org.springframework.security.test.context.support.ReactorContextTestExecutionListener, org.springframework.boot.test.autoconfigure.restdocs.RestDocsTestExecutionListener, org.springframework.boot.test.autoconfigure.web.client.MockRestServiceServerResetTestExecutionListener, org.springframework.boot.test.autoconfigure.web.servlet.MockMvcPrintOnlyOnFailureTestExecutionListener, org.springframework.boot.test.autoconfigure.web.servlet.WebDriverTestExecutionListener, org.springframework.boot.test.mock.mockito.MockitoTestExecutionListener, org.springframework.boot.test.mock.mockito.ResetMocksTestExecutionListener, org.springframework.test.context.web.ServletTestExecutionListener, org.springframework.test.context.support.DirtiesContextBeforeModesTestExecutionListener, org.springframework.test.context.support.DependencyInjectionTestExecutionListener, org.springframework.test.context.support.DirtiesContextTestExecutionListener, org.springframework.test.context.transaction.TransactionalTestExecutionListener, org.springframework.test.context.jdbc.SqlScriptsTestExecutionListener]
2021-06-29 22:22:21.286  INFO 4388 --- [    Test worker] .b.t.c.SpringBootTestContextBootstrapper : Using TestExecutionListeners: [org.springframework.test.context.web.ServletTestExecutionListener@1962599, org.springframework.test.context.support.DirtiesContextBeforeModesTestExecutionListener@35292cd2, org.springframework.boot.test.mock.mockito.MockitoTestExecutionListener@e336eed, org.springframework.boot.test.autoconfigure.SpringBootDependencyInjectionTestExecutionListener@3ee49ea9, org.springframework.test.context.support.DirtiesContextTestExecutionListener@e6ede01, org.springframework.test.context.transaction.TransactionalTestExecutionListener@72dd3ca2, org.springframework.test.context.jdbc.SqlScriptsTestExecutionListener@670c7012, org.springframework.security.test.context.support.WithSecurityContextTestExecutionListener@7d87ab8c, org.springframework.security.test.context.support.ReactorContextTestExecutionListener@5e1eceb, org.springframework.boot.test.autoconfigure.restdocs.RestDocsTestExecutionListener@1e42e8d9, org.springframework.boot.test.autoconfigure.web.client.MockRestServiceServerResetTestExecutionListener@1a4a87e3, org.springframework.boot.test.autoconfigure.web.servlet.MockMvcPrintOnlyOnFailureTestExecutionListener@5ad184ed, org.springframework.boot.test.autoconfigure.web.servlet.WebDriverTestExecutionListener@50ddade8, org.springframework.boot.test.mock.mockito.ResetMocksTestExecutionListener@59d0830a]
2021-06-29 22:22:21.289  INFO 4388 --- [    Test worker] o.a.c.c.C.[Tomcat].[localhost].[/]       : Initializing Spring TestDispatcherServlet ''
2021-06-29 22:22:21.289  INFO 4388 --- [    Test worker] o.s.t.web.servlet.TestDispatcherServlet  : Initializing Servlet ''
2021-06-29 22:22:21.291  INFO 4388 --- [    Test worker] o.s.t.web.servlet.TestDispatcherServlet  : Completed initialization in 2 ms
Hibernate: select posts0_.id as id1_0_, posts0_.created_date as created_2_0_, posts0_.modified_date as modified3_0_, posts0_.author as author4_0_, posts0_.content as content5_0_, posts0_.title as title6_0_ from posts posts0_ order by posts0_.id DESC
]]></system-out>
  <system-err><![CDATA[]]></system-err>
</testsuite>
