<?xml version="1.0" encoding="UTF-8"?>
<testsuite name="com.yjchoi.springboot.main.web.dto.HelloResponseDtoTest" tests="1" skipped="0" failures="0" errors="0" timestamp="2021-06-29T13:22:18" hostname="YJ-CHOI-HOME" time="0.002">
  <properties/>
  <testcase name="lombok_execution_test" classname="com.yjchoi.springboot.main.web.dto.HelloResponseDtoTest" time="0.002"/>
  <system-out><![CDATA[]]></system-out>
  <system-err><![CDATA[]]></system-err>
</testsuite>
