<?xml version="1.0" encoding="UTF-8"?>
<testsuite name="com.yjchoi.springboot.main.web.HelloControllerTest" tests="2" skipped="0" failures="0" errors="0" timestamp="2021-07-03T22:20:42" hostname="YJ-CHOI-HOME" time="0.015">
  <properties/>
  <testcase name="return_helloDto" classname="com.yjchoi.springboot.main.web.HelloControllerTest" time="0.011"/>
  <testcase name="return_hello" classname="com.yjchoi.springboot.main.web.HelloControllerTest" time="0.003"/>
  <system-out><![CDATA[2021-07-04 07:20:41.715  INFO 6648 --- [    Test worker] .b.t.a.w.s.WebMvcTestContextBootstrapper : Neither @ContextConfiguration nor @ContextHierarchy found for test class [com.yjchoi.springboot.main.web.HelloControllerTest], using SpringBootContextLoader
2021-07-04 07:20:41.716  INFO 6648 --- [    Test worker] o.s.t.c.support.AbstractContextLoader    : Could not detect default resource locations for test class [com.yjchoi.springboot.main.web.HelloControllerTest]: no resource found for suffixes {-context.xml, Context.groovy}.
2021-07-04 07:20:41.716  INFO 6648 --- [    Test worker] t.c.s.AnnotationConfigContextLoaderUtils : Could not detect default configuration classes for test class [com.yjchoi.springboot.main.web.HelloControllerTest]: HelloControllerTest does not declare any static, non-private, non-final, nested classes annotated with @Configuration.
2021-07-04 07:20:41.727  INFO 6648 --- [    Test worker] .b.t.c.SpringBootTestContextBootstrapper : Found @SpringBootConfiguration com.yjchoi.springboot.main.Application for test class com.yjchoi.springboot.main.web.HelloControllerTest
2021-07-04 07:20:41.727  INFO 6648 --- [    Test worker] .b.t.a.w.s.WebMvcTestContextBootstrapper : Loaded default TestExecutionListener class names from location [META-INF/spring.factories]: [org.springframework.security.test.context.support.WithSecurityContextTestExecutionListener, org.springframework.security.test.context.support.ReactorContextTestExecutionListener, org.springframework.boot.test.autoconfigure.restdocs.RestDocsTestExecutionListener, org.springframework.boot.test.autoconfigure.web.client.MockRestServiceServerResetTestExecutionListener, org.springframework.boot.test.autoconfigure.web.servlet.MockMvcPrintOnlyOnFailureTestExecutionListener, org.springframework.boot.test.autoconfigure.web.servlet.WebDriverTestExecutionListener, org.springframework.boot.test.mock.mockito.MockitoTestExecutionListener, org.springframework.boot.test.mock.mockito.ResetMocksTestExecutionListener, org.springframework.test.context.web.ServletTestExecutionListener, org.springframework.test.context.support.DirtiesContextBeforeModesTestExecutionListener, org.springframework.test.context.support.DependencyInjectionTestExecutionListener, org.springframework.test.context.support.DirtiesContextTestExecutionListener, org.springframework.test.context.transaction.TransactionalTestExecutionListener, org.springframework.test.context.jdbc.SqlScriptsTestExecutionListener]
2021-07-04 07:20:41.728  INFO 6648 --- [    Test worker] .b.t.a.w.s.WebMvcTestContextBootstrapper : Using TestExecutionListeners: [org.springframework.test.context.web.ServletTestExecutionListener@3b520591, org.springframework.test.context.support.DirtiesContextBeforeModesTestExecutionListener@4ee968ad, org.springframework.boot.test.mock.mockito.MockitoTestExecutionListener@6b92e7, org.springframework.boot.test.autoconfigure.SpringBootDependencyInjectionTestExecutionListener@7f541625, org.springframework.test.context.support.DirtiesContextTestExecutionListener@5401fad3, org.springframework.test.context.transaction.TransactionalTestExecutionListener@51a84cfe, org.springframework.test.context.jdbc.SqlScriptsTestExecutionListener@d880086, org.springframework.security.test.context.support.WithSecurityContextTestExecutionListener@5232da2c, org.springframework.security.test.context.support.ReactorContextTestExecutionListener@93e65db, org.springframework.boot.test.autoconfigure.restdocs.RestDocsTestExecutionListener@1a6207be, org.springframework.boot.test.autoconfigure.web.client.MockRestServiceServerResetTestExecutionListener@57a3b844, org.springframework.boot.test.autoconfigure.web.servlet.MockMvcPrintOnlyOnFailureTestExecutionListener@1384eb26, org.springframework.boot.test.autoconfigure.web.servlet.WebDriverTestExecutionListener@69ee5430, org.springframework.boot.test.mock.mockito.ResetMocksTestExecutionListener@63bbe144]

  .   ____          _            __ _ _
 /\\ / ___'_ __ _ _(_)_ __  __ _ \ \ \ \
( ( )\___ | '_ | '_| | '_ \/ _` | \ \ \ \
 \\/  ___)| |_)| | | | | || (_| |  ) ) ) )
  '  |____| .__|_| |_|_| |_\__, | / / / /
 =========|_|==============|___/=/_/_/_/
 :: Spring Boot ::        (v2.1.7.RELEASE)

2021-07-04 07:20:41.753  INFO 6648 --- [    Test worker] c.y.s.main.web.HelloControllerTest       : Starting HelloControllerTest on YJ-CHOI-HOME with PID 6648 (started by yjcho in D:\JetBrainWorkspace\IntelliJ\WebService_with_SpringBoot_and_AWS)
2021-07-04 07:20:41.753  INFO 6648 --- [    Test worker] c.y.s.main.web.HelloControllerTest       : No active profile set, falling back to default profiles: default
2021-07-04 07:20:42.122  INFO 6648 --- [    Test worker] o.s.s.concurrent.ThreadPoolTaskExecutor  : Initializing ExecutorService 'applicationTaskExecutor'
2021-07-04 07:20:42.149  INFO 6648 --- [    Test worker] o.s.b.a.w.s.WelcomePageHandlerMapping    : Adding welcome page template: index
2021-07-04 07:20:42.333  INFO 6648 --- [    Test worker] .s.s.UserDetailsServiceAutoConfiguration : 

Using generated security password: 28c488ef-6cfc-451c-9554-a181b87bcb06

2021-07-04 07:20:42.455  INFO 6648 --- [    Test worker] o.s.s.web.DefaultSecurityFilterChain     : Creating filter chain: any request, [org.springframework.security.web.context.request.async.WebAsyncManagerIntegrationFilter@440b176d, org.springframework.security.web.context.SecurityContextPersistenceFilter@375f976a, org.springframework.security.web.header.HeaderWriterFilter@6f023356, org.springframework.security.web.csrf.CsrfFilter@7b71d0f7, org.springframework.security.web.authentication.logout.LogoutFilter@786bbb85, org.springframework.security.web.authentication.UsernamePasswordAuthenticationFilter@7cd1dc7c, org.springframework.security.web.authentication.ui.DefaultLoginPageGeneratingFilter@7da6cf8e, org.springframework.security.web.authentication.ui.DefaultLogoutPageGeneratingFilter@4c5333a5, org.springframework.security.web.authentication.www.BasicAuthenticationFilter@32034441, org.springframework.security.web.savedrequest.RequestCacheAwareFilter@14d7b346, org.springframework.security.web.servletapi.SecurityContextHolderAwareRequestFilter@6a31aa09, org.springframework.security.web.authentication.AnonymousAuthenticationFilter@64da4722, org.springframework.security.web.session.SessionManagementFilter@1a81a029, org.springframework.security.web.access.ExceptionTranslationFilter@c65e9de, org.springframework.security.web.access.intercept.FilterSecurityInterceptor@1943a1f4]
2021-07-04 07:20:42.466  INFO 6648 --- [    Test worker] o.s.b.t.m.w.SpringBootMockServletContext : Initializing Spring TestDispatcherServlet ''
2021-07-04 07:20:42.466  INFO 6648 --- [    Test worker] o.s.t.web.servlet.TestDispatcherServlet  : Initializing Servlet ''
2021-07-04 07:20:42.467  INFO 6648 --- [    Test worker] o.s.t.web.servlet.TestDispatcherServlet  : Completed initialization in 1 ms
2021-07-04 07:20:42.490  INFO 6648 --- [    Test worker] c.y.s.main.web.HelloControllerTest       : Started HelloControllerTest in 0.76 seconds (JVM running for 9.013)
]]></system-out>
  <system-err><![CDATA[]]></system-err>
</testsuite>
