<?xml version="1.0" encoding="UTF-8"?>
<testsuite name="com.yjchoi.springboot.main.web.HelloControllerTest" tests="2" skipped="0" failures="0" errors="0" timestamp="2021-06-29T13:22:21" hostname="YJ-CHOI-HOME" time="0.015">
  <properties/>
  <testcase name="return_helloDto" classname="com.yjchoi.springboot.main.web.HelloControllerTest" time="0.011"/>
  <testcase name="return_hello" classname="com.yjchoi.springboot.main.web.HelloControllerTest" time="0.004"/>
  <system-out><![CDATA[2021-06-29 22:22:20.594  INFO 4388 --- [    Test worker] .b.t.a.w.s.WebMvcTestContextBootstrapper : Neither @ContextConfiguration nor @ContextHierarchy found for test class [com.yjchoi.springboot.main.web.HelloControllerTest], using SpringBootContextLoader
2021-06-29 22:22:20.595  INFO 4388 --- [    Test worker] o.s.t.c.support.AbstractContextLoader    : Could not detect default resource locations for test class [com.yjchoi.springboot.main.web.HelloControllerTest]: no resource found for suffixes {-context.xml, Context.groovy}.
2021-06-29 22:22:20.595  INFO 4388 --- [    Test worker] t.c.s.AnnotationConfigContextLoaderUtils : Could not detect default configuration classes for test class [com.yjchoi.springboot.main.web.HelloControllerTest]: HelloControllerTest does not declare any static, non-private, non-final, nested classes annotated with @Configuration.
2021-06-29 22:22:20.606  INFO 4388 --- [    Test worker] .b.t.c.SpringBootTestContextBootstrapper : Found @SpringBootConfiguration com.yjchoi.springboot.main.Application for test class com.yjchoi.springboot.main.web.HelloControllerTest
2021-06-29 22:22:20.606  INFO 4388 --- [    Test worker] .b.t.a.w.s.WebMvcTestContextBootstrapper : Loaded default TestExecutionListener class names from location [META-INF/spring.factories]: [org.springframework.security.test.context.support.WithSecurityContextTestExecutionListener, org.springframework.security.test.context.support.ReactorContextTestExecutionListener, org.springframework.boot.test.autoconfigure.restdocs.RestDocsTestExecutionListener, org.springframework.boot.test.autoconfigure.web.client.MockRestServiceServerResetTestExecutionListener, org.springframework.boot.test.autoconfigure.web.servlet.MockMvcPrintOnlyOnFailureTestExecutionListener, org.springframework.boot.test.autoconfigure.web.servlet.WebDriverTestExecutionListener, org.springframework.boot.test.mock.mockito.MockitoTestExecutionListener, org.springframework.boot.test.mock.mockito.ResetMocksTestExecutionListener, org.springframework.test.context.web.ServletTestExecutionListener, org.springframework.test.context.support.DirtiesContextBeforeModesTestExecutionListener, org.springframework.test.context.support.DependencyInjectionTestExecutionListener, org.springframework.test.context.support.DirtiesContextTestExecutionListener, org.springframework.test.context.transaction.TransactionalTestExecutionListener, org.springframework.test.context.jdbc.SqlScriptsTestExecutionListener]
2021-06-29 22:22:20.606  INFO 4388 --- [    Test worker] .b.t.a.w.s.WebMvcTestContextBootstrapper : Using TestExecutionListeners: [org.springframework.test.context.web.ServletTestExecutionListener@6b92e7, org.springframework.test.context.support.DirtiesContextBeforeModesTestExecutionListener@7f541625, org.springframework.boot.test.mock.mockito.MockitoTestExecutionListener@5401fad3, org.springframework.boot.test.autoconfigure.SpringBootDependencyInjectionTestExecutionListener@51a84cfe, org.springframework.test.context.support.DirtiesContextTestExecutionListener@d880086, org.springframework.test.context.transaction.TransactionalTestExecutionListener@5232da2c, org.springframework.test.context.jdbc.SqlScriptsTestExecutionListener@93e65db, org.springframework.security.test.context.support.WithSecurityContextTestExecutionListener@1a6207be, org.springframework.security.test.context.support.ReactorContextTestExecutionListener@57a3b844, org.springframework.boot.test.autoconfigure.restdocs.RestDocsTestExecutionListener@1384eb26, org.springframework.boot.test.autoconfigure.web.client.MockRestServiceServerResetTestExecutionListener@69ee5430, org.springframework.boot.test.autoconfigure.web.servlet.MockMvcPrintOnlyOnFailureTestExecutionListener@63bbe144, org.springframework.boot.test.autoconfigure.web.servlet.WebDriverTestExecutionListener@299004ef, org.springframework.boot.test.mock.mockito.ResetMocksTestExecutionListener@1df91720]

  .   ____          _            __ _ _
 /\\ / ___'_ __ _ _(_)_ __  __ _ \ \ \ \
( ( )\___ | '_ | '_| | '_ \/ _` | \ \ \ \
 \\/  ___)| |_)| | | | | || (_| |  ) ) ) )
  '  |____| .__|_| |_|_| |_\__, | / / / /
 =========|_|==============|___/=/_/_/_/
 :: Spring Boot ::        (v2.1.7.RELEASE)

2021-06-29 22:22:20.628  INFO 4388 --- [    Test worker] c.y.s.main.web.HelloControllerTest       : Starting HelloControllerTest on YJ-CHOI-HOME with PID 4388 (started by yjcho in D:\JetBrainWorkspace\IntelliJ\WebService_with_SpringBoot_and_AWS)
2021-06-29 22:22:20.629  INFO 4388 --- [    Test worker] c.y.s.main.web.HelloControllerTest       : No active profile set, falling back to default profiles: default
2021-06-29 22:22:20.951  INFO 4388 --- [    Test worker] o.s.s.concurrent.ThreadPoolTaskExecutor  : Initializing ExecutorService 'applicationTaskExecutor'
2021-06-29 22:22:20.988  INFO 4388 --- [    Test worker] o.s.b.a.w.s.WelcomePageHandlerMapping    : Adding welcome page template: index
2021-06-29 22:22:21.134  INFO 4388 --- [    Test worker] .s.s.UserDetailsServiceAutoConfiguration : 

Using generated security password: 2aef80fe-0f3a-4218-a918-542552bee307

2021-06-29 22:22:21.232  INFO 4388 --- [    Test worker] o.s.s.web.DefaultSecurityFilterChain     : Creating filter chain: any request, [org.springframework.security.web.context.request.async.WebAsyncManagerIntegrationFilter@64da4722, org.springframework.security.web.context.SecurityContextPersistenceFilter@6a31aa09, org.springframework.security.web.header.HeaderWriterFilter@375f976a, org.springframework.security.web.csrf.CsrfFilter@c65e9de, org.springframework.security.web.authentication.logout.LogoutFilter@4a96990a, org.springframework.security.web.authentication.UsernamePasswordAuthenticationFilter@32034441, org.springframework.security.web.authentication.ui.DefaultLoginPageGeneratingFilter@1fed2b93, org.springframework.security.web.authentication.ui.DefaultLogoutPageGeneratingFilter@a80c0f2, org.springframework.security.web.authentication.www.BasicAuthenticationFilter@440b176d, org.springframework.security.web.savedrequest.RequestCacheAwareFilter@7da6cf8e, org.springframework.security.web.servletapi.SecurityContextHolderAwareRequestFilter@3609e397, org.springframework.security.web.authentication.AnonymousAuthenticationFilter@16ac0eb0, org.springframework.security.web.session.SessionManagementFilter@14d7b346, org.springframework.security.web.access.ExceptionTranslationFilter@1a81a029, org.springframework.security.web.access.intercept.FilterSecurityInterceptor@2714425]
2021-06-29 22:22:21.243  INFO 4388 --- [    Test worker] o.s.b.t.m.w.SpringBootMockServletContext : Initializing Spring TestDispatcherServlet ''
2021-06-29 22:22:21.243  INFO 4388 --- [    Test worker] o.s.t.web.servlet.TestDispatcherServlet  : Initializing Servlet ''
2021-06-29 22:22:21.243  INFO 4388 --- [    Test worker] o.s.t.web.servlet.TestDispatcherServlet  : Completed initialization in 0 ms
2021-06-29 22:22:21.263  INFO 4388 --- [    Test worker] c.y.s.main.web.HelloControllerTest       : Started HelloControllerTest in 0.655 seconds (JVM running for 8.129)
]]></system-out>
  <system-err><![CDATA[]]></system-err>
</testsuite>
