<?xml version="1.0" encoding="UTF-8"?>
<testsuite name="com.yjchoi.springboot.main.web.domain.posts.PostsRepositoryTest" tests="2" skipped="0" failures="0" errors="0" timestamp="2021-06-29T13:22:18" hostname="YJ-CHOI-HOME" time="0.208">
  <properties/>
  <testcase name="post_save_and_load" classname="com.yjchoi.springboot.main.web.domain.posts.PostsRepositoryTest" time="0.2"/>
  <testcase name="BaseTimeEntity_register" classname="com.yjchoi.springboot.main.web.domain.posts.PostsRepositoryTest" time="0.007"/>
  <system-out><![CDATA[22:22:13.849 [Test worker] DEBUG org.springframework.test.context.junit4.SpringJUnit4ClassRunner - SpringJUnit4ClassRunner constructor called with [class com.yjchoi.springboot.main.web.domain.posts.PostsRepositoryTest]
22:22:13.856 [Test worker] DEBUG org.springframework.test.context.BootstrapUtils - Instantiating CacheAwareContextLoaderDelegate from class [org.springframework.test.context.cache.DefaultCacheAwareContextLoaderDelegate]
22:22:13.862 [Test worker] DEBUG org.springframework.test.context.BootstrapUtils - Instantiating BootstrapContext using constructor [public org.springframework.test.context.support.DefaultBootstrapContext(java.lang.Class,org.springframework.test.context.CacheAwareContextLoaderDelegate)]
22:22:13.876 [Test worker] DEBUG org.springframework.test.context.BootstrapUtils - Instantiating TestContextBootstrapper for test class [com.yjchoi.springboot.main.web.domain.posts.PostsRepositoryTest] from class [org.springframework.boot.test.context.SpringBootTestContextBootstrapper]
22:22:13.889 [Test worker] INFO org.springframework.boot.test.context.SpringBootTestContextBootstrapper - Neither @ContextConfiguration nor @ContextHierarchy found for test class [com.yjchoi.springboot.main.web.domain.posts.PostsRepositoryTest], using SpringBootContextLoader
22:22:13.891 [Test worker] DEBUG org.springframework.test.context.support.AbstractContextLoader - Did not detect default resource location for test class [com.yjchoi.springboot.main.web.domain.posts.PostsRepositoryTest]: class path resource [com/yjchoi/springboot/main/web/domain/posts/PostsRepositoryTest-context.xml] does not exist
22:22:13.892 [Test worker] DEBUG org.springframework.test.context.support.AbstractContextLoader - Did not detect default resource location for test class [com.yjchoi.springboot.main.web.domain.posts.PostsRepositoryTest]: class path resource [com/yjchoi/springboot/main/web/domain/posts/PostsRepositoryTestContext.groovy] does not exist
22:22:13.892 [Test worker] INFO org.springframework.test.context.support.AbstractContextLoader - Could not detect default resource locations for test class [com.yjchoi.springboot.main.web.domain.posts.PostsRepositoryTest]: no resource found for suffixes {-context.xml, Context.groovy}.
22:22:13.892 [Test worker] INFO org.springframework.test.context.support.AnnotationConfigContextLoaderUtils - Could not detect default configuration classes for test class [com.yjchoi.springboot.main.web.domain.posts.PostsRepositoryTest]: PostsRepositoryTest does not declare any static, non-private, non-final, nested classes annotated with @Configuration.
22:22:13.925 [Test worker] DEBUG org.springframework.test.context.support.ActiveProfilesUtils - Could not find an 'annotation declaring class' for annotation type [org.springframework.test.context.ActiveProfiles] and class [com.yjchoi.springboot.main.web.domain.posts.PostsRepositoryTest]
22:22:14.012 [Test worker] DEBUG org.springframework.context.annotation.ClassPathScanningCandidateComponentProvider - Identified candidate component class: file [D:\JetBrainWorkspace\IntelliJ\WebService_with_SpringBoot_and_AWS\build\classes\java\main\com\yjchoi\springboot\main\Application.class]
22:22:14.013 [Test worker] INFO org.springframework.boot.test.context.SpringBootTestContextBootstrapper - Found @SpringBootConfiguration com.yjchoi.springboot.main.Application for test class com.yjchoi.springboot.main.web.domain.posts.PostsRepositoryTest
22:22:14.092 [Test worker] DEBUG org.springframework.boot.test.context.SpringBootTestContextBootstrapper - @TestExecutionListeners is not present for class [com.yjchoi.springboot.main.web.domain.posts.PostsRepositoryTest]: using defaults.
22:22:14.093 [Test worker] INFO org.springframework.boot.test.context.SpringBootTestContextBootstrapper - Loaded default TestExecutionListener class names from location [META-INF/spring.factories]: [org.springframework.security.test.context.support.WithSecurityContextTestExecutionListener, org.springframework.security.test.context.support.ReactorContextTestExecutionListener, org.springframework.boot.test.autoconfigure.restdocs.RestDocsTestExecutionListener, org.springframework.boot.test.autoconfigure.web.client.MockRestServiceServerResetTestExecutionListener, org.springframework.boot.test.autoconfigure.web.servlet.MockMvcPrintOnlyOnFailureTestExecutionListener, org.springframework.boot.test.autoconfigure.web.servlet.WebDriverTestExecutionListener, org.springframework.boot.test.mock.mockito.MockitoTestExecutionListener, org.springframework.boot.test.mock.mockito.ResetMocksTestExecutionListener, org.springframework.test.context.web.ServletTestExecutionListener, org.springframework.test.context.support.DirtiesContextBeforeModesTestExecutionListener, org.springframework.test.context.support.DependencyInjectionTestExecutionListener, org.springframework.test.context.support.DirtiesContextTestExecutionListener, org.springframework.test.context.transaction.TransactionalTestExecutionListener, org.springframework.test.context.jdbc.SqlScriptsTestExecutionListener]
22:22:14.111 [Test worker] INFO org.springframework.boot.test.context.SpringBootTestContextBootstrapper - Using TestExecutionListeners: [org.springframework.test.context.web.ServletTestExecutionListener@4830c2f4, org.springframework.test.context.support.DirtiesContextBeforeModesTestExecutionListener@4440f42d, org.springframework.boot.test.mock.mockito.MockitoTestExecutionListener@3b763222, org.springframework.boot.test.autoconfigure.SpringBootDependencyInjectionTestExecutionListener@4a89928e, org.springframework.test.context.support.DirtiesContextTestExecutionListener@4e0de49, org.springframework.test.context.transaction.TransactionalTestExecutionListener@47c2a364, org.springframework.test.context.jdbc.SqlScriptsTestExecutionListener@4daf7e9c, org.springframework.security.test.context.support.WithSecurityContextTestExecutionListener@4bb48845, org.springframework.security.test.context.support.ReactorContextTestExecutionListener@49a405ec, org.springframework.boot.test.autoconfigure.restdocs.RestDocsTestExecutionListener@1baf563f, org.springframework.boot.test.autoconfigure.web.client.MockRestServiceServerResetTestExecutionListener@2dc28048, org.springframework.boot.test.autoconfigure.web.servlet.MockMvcPrintOnlyOnFailureTestExecutionListener@42dbc315, org.springframework.boot.test.autoconfigure.web.servlet.WebDriverTestExecutionListener@2b3925c7, org.springframework.boot.test.mock.mockito.ResetMocksTestExecutionListener@4ac69031]
22:22:14.114 [Test worker] DEBUG org.springframework.test.annotation.ProfileValueUtils - Retrieved @ProfileValueSourceConfiguration [null] for test class [com.yjchoi.springboot.main.web.domain.posts.PostsRepositoryTest]
22:22:14.114 [Test worker] DEBUG org.springframework.test.annotation.ProfileValueUtils - Retrieved ProfileValueSource type [class org.springframework.test.annotation.SystemProfileValueSource] for class [com.yjchoi.springboot.main.web.domain.posts.PostsRepositoryTest]
22:22:14.115 [Test worker] DEBUG org.springframework.test.annotation.ProfileValueUtils - Retrieved @ProfileValueSourceConfiguration [null] for test class [com.yjchoi.springboot.main.web.domain.posts.PostsRepositoryTest]
22:22:14.115 [Test worker] DEBUG org.springframework.test.annotation.ProfileValueUtils - Retrieved ProfileValueSource type [class org.springframework.test.annotation.SystemProfileValueSource] for class [com.yjchoi.springboot.main.web.domain.posts.PostsRepositoryTest]
22:22:14.118 [Test worker] DEBUG org.springframework.test.context.support.AbstractDirtiesContextTestExecutionListener - Before test class: context [DefaultTestContext@5ead8730 testClass = PostsRepositoryTest, testInstance = [null], testMethod = [null], testException = [null], mergedContextConfiguration = [WebMergedContextConfiguration@4f6cdd7d testClass = PostsRepositoryTest, locations = '{}', classes = '{class com.yjchoi.springboot.main.Application}', contextInitializerClasses = '[]', activeProfiles = '{}', propertySourceLocations = '{}', propertySourceProperties = '{org.springframework.boot.test.context.SpringBootTestContextBootstrapper=true}', contextCustomizers = set[org.springframework.boot.test.autoconfigure.properties.PropertyMappingContextCustomizer@0, org.springframework.boot.test.autoconfigure.web.servlet.WebDriverContextCustomizerFactory$Customizer@46292a60, org.springframework.boot.test.context.filter.ExcludeFilterContextCustomizer@ef7113b, org.springframework.boot.test.json.DuplicateJsonObjectContextCustomizerFactory$DuplicateJsonObjectContextCustomizer@66508b9e, org.springframework.boot.test.mock.mockito.MockitoContextCustomizer@0, org.springframework.boot.test.web.client.TestRestTemplateContextCustomizer@26330c8b], resourceBasePath = 'src/main/webapp', contextLoader = 'org.springframework.boot.test.context.SpringBootContextLoader', parent = [null]], attributes = map['org.springframework.test.context.web.ServletTestExecutionListener.activateListener' -> true]], class annotated with @DirtiesContext [false] with mode [null].
22:22:14.119 [Test worker] DEBUG org.springframework.test.annotation.ProfileValueUtils - Retrieved @ProfileValueSourceConfiguration [null] for test class [com.yjchoi.springboot.main.web.domain.posts.PostsRepositoryTest]
22:22:14.119 [Test worker] DEBUG org.springframework.test.annotation.ProfileValueUtils - Retrieved ProfileValueSource type [class org.springframework.test.annotation.SystemProfileValueSource] for class [com.yjchoi.springboot.main.web.domain.posts.PostsRepositoryTest]
22:22:14.136 [Test worker] DEBUG org.springframework.test.context.support.TestPropertySourceUtils - Adding inlined properties to environment: {spring.jmx.enabled=false, org.springframework.boot.test.context.SpringBootTestContextBootstrapper=true, server.port=-1}

  .   ____          _            __ _ _
 /\\ / ___'_ __ _ _(_)_ __  __ _ \ \ \ \
( ( )\___ | '_ | '_| | '_ \/ _` | \ \ \ \
 \\/  ___)| |_)| | | | | || (_| |  ) ) ) )
  '  |____| .__|_| |_|_| |_\__, | / / / /
 =========|_|==============|___/=/_/_/_/
 :: Spring Boot ::        (v2.1.7.RELEASE)

2021-06-29 22:22:14.324  INFO 4388 --- [    Test worker] c.y.s.m.w.d.posts.PostsRepositoryTest    : Starting PostsRepositoryTest on YJ-CHOI-HOME with PID 4388 (started by yjcho in D:\JetBrainWorkspace\IntelliJ\WebService_with_SpringBoot_and_AWS)
2021-06-29 22:22:14.325  INFO 4388 --- [    Test worker] c.y.s.m.w.d.posts.PostsRepositoryTest    : No active profile set, falling back to default profiles: default
2021-06-29 22:22:14.921  INFO 4388 --- [    Test worker] .s.d.r.c.RepositoryConfigurationDelegate : Bootstrapping Spring Data repositories in DEFAULT mode.
2021-06-29 22:22:14.989  INFO 4388 --- [    Test worker] .s.d.r.c.RepositoryConfigurationDelegate : Finished Spring Data repository scanning in 60ms. Found 2 repository interfaces.
2021-06-29 22:22:15.355  INFO 4388 --- [    Test worker] trationDelegate$BeanPostProcessorChecker : Bean 'org.springframework.transaction.annotation.ProxyTransactionManagementConfiguration' of type [org.springframework.transaction.annotation.ProxyTransactionManagementConfiguration$$EnhancerBySpringCGLIB$$d96273ff] is not eligible for getting processed by all BeanPostProcessors (for example: not eligible for auto-proxying)
2021-06-29 22:22:15.552  INFO 4388 --- [    Test worker] com.zaxxer.hikari.HikariDataSource       : HikariPool-1 - Starting...
2021-06-29 22:22:15.687  INFO 4388 --- [    Test worker] com.zaxxer.hikari.HikariDataSource       : HikariPool-1 - Start completed.
2021-06-29 22:22:15.756  INFO 4388 --- [    Test worker] o.hibernate.jpa.internal.util.LogHelper  : HHH000204: Processing PersistenceUnitInfo [
	name: default
	...]
2021-06-29 22:22:15.821  INFO 4388 --- [    Test worker] org.hibernate.Version                    : HHH000412: Hibernate Core {5.3.10.Final}
2021-06-29 22:22:15.822  INFO 4388 --- [    Test worker] org.hibernate.cfg.Environment            : HHH000206: hibernate.properties not found
2021-06-29 22:22:15.959  INFO 4388 --- [    Test worker] o.hibernate.annotations.common.Version   : HCANN000001: Hibernate Commons Annotations {5.0.4.Final}
2021-06-29 22:22:16.103  INFO 4388 --- [    Test worker] org.hibernate.dialect.Dialect            : HHH000400: Using dialect: org.hibernate.dialect.MySQL5InnoDBDialect
Hibernate: drop table if exists posts
Hibernate: drop table if exists user
Hibernate: create table posts (id bigint not null auto_increment, created_date datetime, modified_date datetime, author varchar(255), content TEXT not null, title varchar(500) not null, primary key (id)) engine=InnoDB
Hibernate: create table user (id bigint not null auto_increment, created_date datetime, modified_date datetime, email varchar(255) not null, name varchar(255) not null, picture varchar(255), role varchar(255) not null, primary key (id)) engine=InnoDB
2021-06-29 22:22:16.700  INFO 4388 --- [    Test worker] o.h.t.schema.internal.SchemaCreatorImpl  : HHH000476: Executing import script 'org.hibernate.tool.schema.internal.exec.ScriptSourceInputNonExistentImpl@4352db0e'
2021-06-29 22:22:16.703  INFO 4388 --- [    Test worker] j.LocalContainerEntityManagerFactoryBean : Initialized JPA EntityManagerFactory for persistence unit 'default'
2021-06-29 22:22:17.169  INFO 4388 --- [    Test worker] o.h.h.i.QueryTranslatorFactoryInitiator  : HHH000397: Using ASTQueryTranslatorFactory
2021-06-29 22:22:17.683  INFO 4388 --- [    Test worker] o.s.s.web.DefaultSecurityFilterChain     : Creating filter chain: any request, [org.springframework.security.web.context.request.async.WebAsyncManagerIntegrationFilter@7401bb62, org.springframework.security.web.context.SecurityContextPersistenceFilter@4140f6db, org.springframework.security.web.header.HeaderWriterFilter@734e1695, org.springframework.security.web.authentication.logout.LogoutFilter@477d9e49, org.springframework.security.oauth2.client.web.OAuth2AuthorizationRequestRedirectFilter@310e9e56, org.springframework.security.oauth2.client.web.OAuth2LoginAuthenticationFilter@7d996d26, org.springframework.security.web.authentication.ui.DefaultLoginPageGeneratingFilter@3b968b3, org.springframework.security.web.authentication.ui.DefaultLogoutPageGeneratingFilter@2ebb56c1, org.springframework.security.web.savedrequest.RequestCacheAwareFilter@47b0e4cf, org.springframework.security.web.servletapi.SecurityContextHolderAwareRequestFilter@3becb19, org.springframework.security.web.authentication.AnonymousAuthenticationFilter@60c1a872, org.springframework.security.web.session.SessionManagementFilter@586776dd, org.springframework.security.web.access.ExceptionTranslationFilter@486c46c9, org.springframework.security.web.access.intercept.FilterSecurityInterceptor@65e4ee95]
2021-06-29 22:22:18.108  INFO 4388 --- [    Test worker] o.s.s.concurrent.ThreadPoolTaskExecutor  : Initializing ExecutorService 'applicationTaskExecutor'
2021-06-29 22:22:18.153  WARN 4388 --- [    Test worker] aWebConfiguration$JpaWebMvcConfiguration : spring.jpa.open-in-view is enabled by default. Therefore, database queries may be performed during view rendering. Explicitly configure spring.jpa.open-in-view to disable this warning
2021-06-29 22:22:18.195  INFO 4388 --- [    Test worker] o.s.b.a.w.s.WelcomePageHandlerMapping    : Adding welcome page template: index
2021-06-29 22:22:18.629  INFO 4388 --- [    Test worker] s.a.ScheduledAnnotationBeanPostProcessor : No TaskScheduler/ScheduledExecutorService bean found for scheduled processing
2021-06-29 22:22:18.637  INFO 4388 --- [    Test worker] c.y.s.m.w.d.posts.PostsRepositoryTest    : Started PostsRepositoryTest in 4.494 seconds (JVM running for 5.502)
Hibernate: insert into posts (created_date, modified_date, author, content, title) values (?, ?, ?, ?, ?)
Hibernate: insert into posts (created_date, modified_date, author, content, title) values (?, ?, ?, ?, ?)
Hibernate: select posts0_.id as id1_0_, posts0_.created_date as created_2_0_, posts0_.modified_date as modified3_0_, posts0_.author as author4_0_, posts0_.content as content5_0_, posts0_.title as title6_0_ from posts posts0_
Hibernate: select posts0_.id as id1_0_, posts0_.created_date as created_2_0_, posts0_.modified_date as modified3_0_, posts0_.author as author4_0_, posts0_.content as content5_0_, posts0_.title as title6_0_ from posts posts0_
Hibernate: delete from posts where id=?
Hibernate: delete from posts where id=?
Hibernate: insert into posts (created_date, modified_date, author, content, title) values (?, ?, ?, ?, ?)
Hibernate: select posts0_.id as id1_0_, posts0_.created_date as created_2_0_, posts0_.modified_date as modified3_0_, posts0_.author as author4_0_, posts0_.content as content5_0_, posts0_.title as title6_0_ from posts posts0_
>>>>>>>> createDate=2021-06-29T22:22:18.855, modifiedDate=2021-06-29T22:22:18.855
Hibernate: select posts0_.id as id1_0_, posts0_.created_date as created_2_0_, posts0_.modified_date as modified3_0_, posts0_.author as author4_0_, posts0_.content as content5_0_, posts0_.title as title6_0_ from posts posts0_
Hibernate: delete from posts where id=?
]]></system-out>
  <system-err><![CDATA[]]></system-err>
</testsuite>
