<?xml version="1.0" encoding="UTF-8"?>
<testsuite name="com.yjchoi.springboot.main.web.HelloControllerSprintBootTest" tests="2" skipped="0" failures="0" errors="0" timestamp="2021-07-03T22:20:41" hostname="YJ-CHOI-HOME" time="0.161">
  <properties/>
  <testcase name="return_helloDto" classname="com.yjchoi.springboot.main.web.HelloControllerSprintBootTest" time="0.149"/>
  <testcase name="return_hello" classname="com.yjchoi.springboot.main.web.HelloControllerSprintBootTest" time="0.011"/>
  <system-out><![CDATA[2021-07-04 07:20:39.770  INFO 6648 --- [    Test worker] .b.t.c.SpringBootTestContextBootstrapper : Neither @ContextConfiguration nor @ContextHierarchy found for test class [com.yjchoi.springboot.main.web.HelloControllerSprintBootTest], using SpringBootContextLoader
2021-07-04 07:20:39.771  INFO 6648 --- [    Test worker] o.s.t.c.support.AbstractContextLoader    : Could not detect default resource locations for test class [com.yjchoi.springboot.main.web.HelloControllerSprintBootTest]: no resource found for suffixes {-context.xml, Context.groovy}.
2021-07-04 07:20:39.771  INFO 6648 --- [    Test worker] t.c.s.AnnotationConfigContextLoaderUtils : Could not detect default configuration classes for test class [com.yjchoi.springboot.main.web.HelloControllerSprintBootTest]: HelloControllerSprintBootTest does not declare any static, non-private, non-final, nested classes annotated with @Configuration.
2021-07-04 07:20:39.782  INFO 6648 --- [    Test worker] .b.t.c.SpringBootTestContextBootstrapper : Found @SpringBootConfiguration com.yjchoi.springboot.main.Application for test class com.yjchoi.springboot.main.web.HelloControllerSprintBootTest
2021-07-04 07:20:39.783  INFO 6648 --- [    Test worker] .b.t.c.SpringBootTestContextBootstrapper : Loaded default TestExecutionListener class names from location [META-INF/spring.factories]: [org.springframework.security.test.context.support.WithSecurityContextTestExecutionListener, org.springframework.security.test.context.support.ReactorContextTestExecutionListener, org.springframework.boot.test.autoconfigure.restdocs.RestDocsTestExecutionListener, org.springframework.boot.test.autoconfigure.web.client.MockRestServiceServerResetTestExecutionListener, org.springframework.boot.test.autoconfigure.web.servlet.MockMvcPrintOnlyOnFailureTestExecutionListener, org.springframework.boot.test.autoconfigure.web.servlet.WebDriverTestExecutionListener, org.springframework.boot.test.mock.mockito.MockitoTestExecutionListener, org.springframework.boot.test.mock.mockito.ResetMocksTestExecutionListener, org.springframework.test.context.web.ServletTestExecutionListener, org.springframework.test.context.support.DirtiesContextBeforeModesTestExecutionListener, org.springframework.test.context.support.DependencyInjectionTestExecutionListener, org.springframework.test.context.support.DirtiesContextTestExecutionListener, org.springframework.test.context.transaction.TransactionalTestExecutionListener, org.springframework.test.context.jdbc.SqlScriptsTestExecutionListener]
2021-07-04 07:20:39.783  INFO 6648 --- [    Test worker] .b.t.c.SpringBootTestContextBootstrapper : Using TestExecutionListeners: [org.springframework.test.context.web.ServletTestExecutionListener@831f13, org.springframework.test.context.support.DirtiesContextBeforeModesTestExecutionListener@32335094, org.springframework.boot.test.mock.mockito.MockitoTestExecutionListener@2b5b3387, org.springframework.boot.test.autoconfigure.SpringBootDependencyInjectionTestExecutionListener@6100ac12, org.springframework.test.context.support.DirtiesContextTestExecutionListener@79e34ca6, org.springframework.test.context.transaction.TransactionalTestExecutionListener@517c04fe, org.springframework.test.context.jdbc.SqlScriptsTestExecutionListener@23c9c25d, org.springframework.security.test.context.support.WithSecurityContextTestExecutionListener@474d9a0a, org.springframework.security.test.context.support.ReactorContextTestExecutionListener@24a87839, org.springframework.boot.test.autoconfigure.restdocs.RestDocsTestExecutionListener@1542c3a6, org.springframework.boot.test.autoconfigure.web.client.MockRestServiceServerResetTestExecutionListener@78f43079, org.springframework.boot.test.autoconfigure.web.servlet.MockMvcPrintOnlyOnFailureTestExecutionListener@53c268a7, org.springframework.boot.test.autoconfigure.web.servlet.WebDriverTestExecutionListener@344cab56, org.springframework.boot.test.mock.mockito.ResetMocksTestExecutionListener@3710018a]

  .   ____          _            __ _ _
 /\\ / ___'_ __ _ _(_)_ __  __ _ \ \ \ \
( ( )\___ | '_ | '_| | '_ \/ _` | \ \ \ \
 \\/  ___)| |_)| | | | | || (_| |  ) ) ) )
  '  |____| .__|_| |_|_| |_\__, | / / / /
 =========|_|==============|___/=/_/_/_/
 :: Spring Boot ::        (v2.1.7.RELEASE)

2021-07-04 07:20:39.812  INFO 6648 --- [    Test worker] c.y.s.m.w.HelloControllerSprintBootTest  : Starting HelloControllerSprintBootTest on YJ-CHOI-HOME with PID 6648 (started by yjcho in D:\JetBrainWorkspace\IntelliJ\WebService_with_SpringBoot_and_AWS)
2021-07-04 07:20:39.812  INFO 6648 --- [    Test worker] c.y.s.m.w.HelloControllerSprintBootTest  : No active profile set, falling back to default profiles: default
2021-07-04 07:20:40.025  INFO 6648 --- [    Test worker] .s.d.r.c.RepositoryConfigurationDelegate : Bootstrapping Spring Data repositories in DEFAULT mode.
2021-07-04 07:20:40.047  INFO 6648 --- [    Test worker] .s.d.r.c.RepositoryConfigurationDelegate : Finished Spring Data repository scanning in 21ms. Found 2 repository interfaces.
2021-07-04 07:20:40.139  INFO 6648 --- [    Test worker] trationDelegate$BeanPostProcessorChecker : Bean 'org.springframework.transaction.annotation.ProxyTransactionManagementConfiguration' of type [org.springframework.transaction.annotation.ProxyTransactionManagementConfiguration$$EnhancerBySpringCGLIB$$1678b8e5] is not eligible for getting processed by all BeanPostProcessors (for example: not eligible for auto-proxying)
2021-07-04 07:20:40.349  INFO 6648 --- [    Test worker] o.s.b.w.embedded.tomcat.TomcatWebServer  : Tomcat initialized with port(s): 0 (http)
2021-07-04 07:20:40.371  INFO 6648 --- [    Test worker] o.apache.catalina.core.StandardService   : Starting service [Tomcat]
2021-07-04 07:20:40.371  INFO 6648 --- [    Test worker] org.apache.catalina.core.StandardEngine  : Starting Servlet engine: [Apache Tomcat/9.0.22]
2021-07-04 07:20:40.501  INFO 6648 --- [    Test worker] o.a.c.c.C.[Tomcat].[localhost].[/]       : Initializing Spring embedded WebApplicationContext
2021-07-04 07:20:40.501  INFO 6648 --- [    Test worker] o.s.web.context.ContextLoader            : Root WebApplicationContext: initialization completed in 687 ms
2021-07-04 07:20:40.651  INFO 6648 --- [    Test worker] com.zaxxer.hikari.HikariDataSource       : HikariPool-2 - Starting...
2021-07-04 07:20:40.652  INFO 6648 --- [    Test worker] com.zaxxer.hikari.HikariDataSource       : HikariPool-2 - Start completed.
2021-07-04 07:20:40.679  INFO 6648 --- [    Test worker] o.hibernate.jpa.internal.util.LogHelper  : HHH000204: Processing PersistenceUnitInfo [
	name: default
	...]
2021-07-04 07:20:40.688  INFO 6648 --- [    Test worker] org.hibernate.dialect.Dialect            : HHH000400: Using dialect: org.hibernate.dialect.MySQL5InnoDBDialect
Hibernate: drop table if exists posts
Hibernate: drop table if exists user
Hibernate: create table posts (id bigint not null auto_increment, created_date datetime, modified_date datetime, author varchar(255), content TEXT not null, title varchar(500) not null, primary key (id)) engine=InnoDB
Hibernate: create table user (id bigint not null auto_increment, created_date datetime, modified_date datetime, email varchar(255) not null, name varchar(255) not null, picture varchar(255), role varchar(255) not null, primary key (id)) engine=InnoDB
2021-07-04 07:20:40.727  INFO 6648 --- [    Test worker] o.h.t.schema.internal.SchemaCreatorImpl  : HHH000476: Executing import script 'org.hibernate.tool.schema.internal.exec.ScriptSourceInputNonExistentImpl@1db6926b'
2021-07-04 07:20:40.727  INFO 6648 --- [    Test worker] j.LocalContainerEntityManagerFactoryBean : Initialized JPA EntityManagerFactory for persistence unit 'default'
2021-07-04 07:20:40.984  INFO 6648 --- [    Test worker] o.h.h.i.QueryTranslatorFactoryInitiator  : HHH000397: Using ASTQueryTranslatorFactory
2021-07-04 07:20:41.116  INFO 6648 --- [    Test worker] o.s.s.web.DefaultSecurityFilterChain     : Creating filter chain: any request, [org.springframework.security.web.context.request.async.WebAsyncManagerIntegrationFilter@52e4ffab, org.springframework.security.web.context.SecurityContextPersistenceFilter@4e2db95a, org.springframework.security.web.header.HeaderWriterFilter@344537c4, org.springframework.security.web.authentication.logout.LogoutFilter@6b3c714c, org.springframework.security.oauth2.client.web.OAuth2AuthorizationRequestRedirectFilter@1b6db6fd, org.springframework.security.oauth2.client.web.OAuth2LoginAuthenticationFilter@2d053a2f, org.springframework.security.web.authentication.ui.DefaultLoginPageGeneratingFilter@48f8e660, org.springframework.security.web.authentication.ui.DefaultLogoutPageGeneratingFilter@26f7fc6d, org.springframework.security.web.savedrequest.RequestCacheAwareFilter@490be2f0, org.springframework.security.web.servletapi.SecurityContextHolderAwareRequestFilter@54ed1702, org.springframework.security.web.authentication.AnonymousAuthenticationFilter@50db7c10, org.springframework.security.web.session.SessionManagementFilter@54590a1d, org.springframework.security.web.access.ExceptionTranslationFilter@6f3d139c, org.springframework.security.web.access.intercept.FilterSecurityInterceptor@5214de64]
2021-07-04 07:20:41.269  INFO 6648 --- [    Test worker] o.s.s.concurrent.ThreadPoolTaskExecutor  : Initializing ExecutorService 'applicationTaskExecutor'
2021-07-04 07:20:41.279  WARN 6648 --- [    Test worker] aWebConfiguration$JpaWebMvcConfiguration : spring.jpa.open-in-view is enabled by default. Therefore, database queries may be performed during view rendering. Explicitly configure spring.jpa.open-in-view to disable this warning
2021-07-04 07:20:41.306  INFO 6648 --- [    Test worker] o.s.b.a.w.s.WelcomePageHandlerMapping    : Adding welcome page template: index
2021-07-04 07:20:41.525  INFO 6648 --- [    Test worker] s.a.ScheduledAnnotationBeanPostProcessor : No TaskScheduler/ScheduledExecutorService bean found for scheduled processing
2021-07-04 07:20:41.545  INFO 6648 --- [    Test worker] o.s.b.w.embedded.tomcat.TomcatWebServer  : Tomcat started on port(s): 52118 (http) with context path ''
2021-07-04 07:20:41.545  INFO 6648 --- [    Test worker] c.y.s.m.w.HelloControllerSprintBootTest  : Started HelloControllerSprintBootTest in 1.76 seconds (JVM running for 8.068)
2021-07-04 07:20:41.574  INFO 6648 --- [    Test worker] o.a.c.c.C.[Tomcat].[localhost].[/]       : Initializing Spring TestDispatcherServlet ''
2021-07-04 07:20:41.574  INFO 6648 --- [    Test worker] o.s.t.web.servlet.TestDispatcherServlet  : Initializing Servlet ''
2021-07-04 07:20:41.587  INFO 6648 --- [    Test worker] o.s.t.web.servlet.TestDispatcherServlet  : Completed initialization in 13 ms
2021-07-04 07:20:41.702  INFO 6648 --- [    Test worker] o.a.c.c.C.[Tomcat].[localhost].[/]       : Initializing Spring TestDispatcherServlet ''
2021-07-04 07:20:41.702  INFO 6648 --- [    Test worker] o.s.t.web.servlet.TestDispatcherServlet  : Initializing Servlet ''
2021-07-04 07:20:41.705  INFO 6648 --- [    Test worker] o.s.t.web.servlet.TestDispatcherServlet  : Completed initialization in 3 ms
]]></system-out>
  <system-err><![CDATA[]]></system-err>
</testsuite>
