<?xml version="1.0" encoding="UTF-8"?>
<testsuite name="com.yjchoi.springboot.main.web.PostsApiControllerTest" tests="2" skipped="0" failures="0" errors="0" timestamp="2021-07-03T22:20:42" hostname="YJ-CHOI-HOME" time="0.078">
  <properties/>
  <testcase name="Posts_register" classname="com.yjchoi.springboot.main.web.PostsApiControllerTest" time="0.054"/>
  <testcase name="Posts_update" classname="com.yjchoi.springboot.main.web.PostsApiControllerTest" time="0.023"/>
  <system-out><![CDATA[2021-07-04 07:20:42.584  INFO 6648 --- [    Test worker] .b.t.c.SpringBootTestContextBootstrapper : Neither @ContextConfiguration nor @ContextHierarchy found for test class [com.yjchoi.springboot.main.web.PostsApiControllerTest], using SpringBootContextLoader
2021-07-04 07:20:42.585  INFO 6648 --- [    Test worker] o.s.t.c.support.AbstractContextLoader    : Could not detect default resource locations for test class [com.yjchoi.springboot.main.web.PostsApiControllerTest]: no resource found for suffixes {-context.xml, Context.groovy}.
2021-07-04 07:20:42.585  INFO 6648 --- [    Test worker] t.c.s.AnnotationConfigContextLoaderUtils : Could not detect default configuration classes for test class [com.yjchoi.springboot.main.web.PostsApiControllerTest]: PostsApiControllerTest does not declare any static, non-private, non-final, nested classes annotated with @Configuration.
2021-07-04 07:20:42.587  INFO 6648 --- [    Test worker] .b.t.c.SpringBootTestContextBootstrapper : Found @SpringBootConfiguration com.yjchoi.springboot.main.Application for test class com.yjchoi.springboot.main.web.PostsApiControllerTest
2021-07-04 07:20:42.588  INFO 6648 --- [    Test worker] .b.t.c.SpringBootTestContextBootstrapper : Loaded default TestExecutionListener class names from location [META-INF/spring.factories]: [org.springframework.security.test.context.support.WithSecurityContextTestExecutionListener, org.springframework.security.test.context.support.ReactorContextTestExecutionListener, org.springframework.boot.test.autoconfigure.restdocs.RestDocsTestExecutionListener, org.springframework.boot.test.autoconfigure.web.client.MockRestServiceServerResetTestExecutionListener, org.springframework.boot.test.autoconfigure.web.servlet.MockMvcPrintOnlyOnFailureTestExecutionListener, org.springframework.boot.test.autoconfigure.web.servlet.WebDriverTestExecutionListener, org.springframework.boot.test.mock.mockito.MockitoTestExecutionListener, org.springframework.boot.test.mock.mockito.ResetMocksTestExecutionListener, org.springframework.test.context.web.ServletTestExecutionListener, org.springframework.test.context.support.DirtiesContextBeforeModesTestExecutionListener, org.springframework.test.context.support.DependencyInjectionTestExecutionListener, org.springframework.test.context.support.DirtiesContextTestExecutionListener, org.springframework.test.context.transaction.TransactionalTestExecutionListener, org.springframework.test.context.jdbc.SqlScriptsTestExecutionListener]
2021-07-04 07:20:42.589  INFO 6648 --- [    Test worker] .b.t.c.SpringBootTestContextBootstrapper : Using TestExecutionListeners: [org.springframework.test.context.web.ServletTestExecutionListener@ca5ad11, org.springframework.test.context.support.DirtiesContextBeforeModesTestExecutionListener@56128695, org.springframework.boot.test.mock.mockito.MockitoTestExecutionListener@69f9809, org.springframework.boot.test.autoconfigure.SpringBootDependencyInjectionTestExecutionListener@3ad86e50, org.springframework.test.context.support.DirtiesContextTestExecutionListener@1b34913f, org.springframework.test.context.transaction.TransactionalTestExecutionListener@59d08ae2, org.springframework.test.context.jdbc.SqlScriptsTestExecutionListener@23f50e01, org.springframework.security.test.context.support.WithSecurityContextTestExecutionListener@5a264ec1, org.springframework.security.test.context.support.ReactorContextTestExecutionListener@65a491d3, org.springframework.boot.test.autoconfigure.restdocs.RestDocsTestExecutionListener@38fe801f, org.springframework.boot.test.autoconfigure.web.client.MockRestServiceServerResetTestExecutionListener@33f01407, org.springframework.boot.test.autoconfigure.web.servlet.MockMvcPrintOnlyOnFailureTestExecutionListener@5bc804fe, org.springframework.boot.test.autoconfigure.web.servlet.WebDriverTestExecutionListener@1aa32c5d, org.springframework.boot.test.mock.mockito.ResetMocksTestExecutionListener@5611a96e]
2021-07-04 07:20:42.593  INFO 6648 --- [    Test worker] o.a.c.c.C.[Tomcat].[localhost].[/]       : Initializing Spring TestDispatcherServlet ''
2021-07-04 07:20:42.593  INFO 6648 --- [    Test worker] o.s.t.web.servlet.TestDispatcherServlet  : Initializing Servlet ''
2021-07-04 07:20:42.595  INFO 6648 --- [    Test worker] o.s.t.web.servlet.TestDispatcherServlet  : Completed initialization in 2 ms
Hibernate: insert into posts (created_date, modified_date, author, content, title) values (?, ?, ?, ?, ?)
Hibernate: select posts0_.id as id1_0_, posts0_.created_date as created_2_0_, posts0_.modified_date as modified3_0_, posts0_.author as author4_0_, posts0_.content as content5_0_, posts0_.title as title6_0_ from posts posts0_
Hibernate: select posts0_.id as id1_0_, posts0_.created_date as created_2_0_, posts0_.modified_date as modified3_0_, posts0_.author as author4_0_, posts0_.content as content5_0_, posts0_.title as title6_0_ from posts posts0_
Hibernate: delete from posts where id=?
2021-07-04 07:20:42.647  INFO 6648 --- [    Test worker] o.a.c.c.C.[Tomcat].[localhost].[/]       : Initializing Spring TestDispatcherServlet ''
2021-07-04 07:20:42.647  INFO 6648 --- [    Test worker] o.s.t.web.servlet.TestDispatcherServlet  : Initializing Servlet ''
2021-07-04 07:20:42.649  INFO 6648 --- [    Test worker] o.s.t.web.servlet.TestDispatcherServlet  : Completed initialization in 2 ms
Hibernate: insert into posts (created_date, modified_date, author, content, title) values (?, ?, ?, ?, ?)
Hibernate: select posts0_.id as id1_0_0_, posts0_.created_date as created_2_0_0_, posts0_.modified_date as modified3_0_0_, posts0_.author as author4_0_0_, posts0_.content as content5_0_0_, posts0_.title as title6_0_0_ from posts posts0_ where posts0_.id=?
Hibernate: update posts set created_date=?, modified_date=?, author=?, content=?, title=? where id=?
Hibernate: select posts0_.id as id1_0_, posts0_.created_date as created_2_0_, posts0_.modified_date as modified3_0_, posts0_.author as author4_0_, posts0_.content as content5_0_, posts0_.title as title6_0_ from posts posts0_
Hibernate: select posts0_.id as id1_0_, posts0_.created_date as created_2_0_, posts0_.modified_date as modified3_0_, posts0_.author as author4_0_, posts0_.content as content5_0_, posts0_.title as title6_0_ from posts posts0_
Hibernate: delete from posts where id=?
]]></system-out>
  <system-err><![CDATA[]]></system-err>
</testsuite>
